[2024-10-16 9:57:07]	[ALERT]	404 - erreur dans le processus de traitement du routage
    routeInfo: array(
        0 => 1,
        1 => 'home@login',
        2 => array(),
    )
    exception-line: 231
    exception-file: 'C:\xampp\htdocs\EasyCreaMVC\src\Model\Model.php'
    exception-code: 'SQLSTATE[42S22]: Column not found: 1054 Unknown column 'mail_admin' in 'where clause''
[2024-10-16 10:02:46]	[ALERT]	404 - erreur dans le processus de traitement du routage
    routeInfo: array(
        0 => 1,
        1 => 'home@login',
        2 => array(),
    )
    exception-line: 231
    exception-file: 'C:\xampp\htdocs\EasyCreaMVC\src\Model\Model.php'
    exception-code: 'SQLSTATE[42S22]: Column not found: 1054 Unknown column 'mail_admin' in 'where clause''
[2024-10-16 10:02:53]	[ALERT]	404 - erreur dans le processus de traitement du routage
    routeInfo: array(
        0 => 1,
        1 => 'home@login',
        2 => array(),
    )
    exception-line: 231
    exception-file: 'C:\xampp\htdocs\EasyCreaMVC\src\Model\Model.php'
    exception-code: 'SQLSTATE[42S22]: Column not found: 1054 Unknown column 'mail_admin' in 'where clause''
[2024-10-16 15:21:22]	[ALERT]	404 - erreur dans le processus de traitement du routage
    routeInfo: array(
        0 => 1,
        1 => 'home@login',
        2 => array(),
    )
    exception-line: 227
    exception-file: 'C:\xampp\htdocs\EasyCreaMVC\vendor\twig\twig\src\Loader\FilesystemLoader.php'
    exception-code: 'Unable to find template "
                            " (looked into: C:\xampp\htdocs\EasyCreaMVC\src\View).'
[2024-10-16 15:21:27]	[ALERT]	404 - erreur dans le processus de traitement du routage
    routeInfo: array(
        0 => 1,
        1 => 'home@login',
        2 => array(),
    )
    exception-line: 227
    exception-file: 'C:\xampp\htdocs\EasyCreaMVC\vendor\twig\twig\src\Loader\FilesystemLoader.php'
    exception-code: 'Unable to find template "
                            " (looked into: C:\xampp\htdocs\EasyCreaMVC\src\View).'
[2024-10-16 16:26:25]	[ALERT]	404 - erreur dans le processus de traitement du routage
    routeInfo: array(
        0 => 1,
        1 => 'home@login',
        2 => array(),
    )
    exception-line: 227
    exception-file: 'C:\xampp\htdocs\EasyCreaMVC\vendor\twig\twig\src\Loader\FilesystemLoader.php'
    exception-code: 'Unable to find template "/home" (looked into: C:\xampp\htdocs\EasyCreaMVC\src\View).'
[2024-10-16 16:26:36]	[ALERT]	404 - erreur dans le processus de traitement du routage
    routeInfo: array(
        0 => 1,
        1 => 'home@login',
        2 => array(),
    )
    exception-line: 227
    exception-file: 'C:\xampp\htdocs\EasyCreaMVC\vendor\twig\twig\src\Loader\FilesystemLoader.php'
    exception-code: 'Unable to find template "/home" (looked into: C:\xampp\htdocs\EasyCreaMVC\src\View).'
[2024-10-16 16:27:20]	[ALERT]	404 - erreur dans le processus de traitement du routage
    routeInfo: array(
        0 => 1,
        1 => 'home@login',
        2 => array(),
    )
    exception-line: 227
    exception-file: 'C:\xampp\htdocs\EasyCreaMVC\vendor\twig\twig\src\Loader\FilesystemLoader.php'
    exception-code: 'Unable to find template "home/" (looked into: C:\xampp\htdocs\EasyCreaMVC\src\View).'
[2024-10-16 16:28:23]	[ALERT]	404 - erreur dans le processus de traitement du routage
    routeInfo: array(
        0 => 1,
        1 => 'home@login',
        2 => array(),
    )
    exception-line: 227
    exception-file: 'C:\xampp\htdocs\EasyCreaMVC\vendor\twig\twig\src\Loader\FilesystemLoader.php'
    exception-code: 'Unable to find template "home/" (looked into: C:\xampp\htdocs\EasyCreaMVC\src\View).'
[2024-10-16 16:38:12]	[ALERT]	404 - erreur dans le processus de traitement du routage
    routeInfo: array(
        0 => 1,
        1 => 'home@login',
        2 => array(),
    )
    exception-line: 7
    exception-file: 'C:\xampp\htdocs\EasyCreaMVC\src\View\home\login.html.twig'
    exception-code: 'Unexpected token "name" of value "res" ("end of print statement" expected).'
[2024-10-16 16:38:16]	[ALERT]	404 - erreur dans le processus de traitement du routage
    routeInfo: array(
        0 => 1,
        1 => 'home@login',
        2 => array(),
    )
    exception-line: 7
    exception-file: 'C:\xampp\htdocs\EasyCreaMVC\src\View\home\login.html.twig'
    exception-code: 'Unexpected token "name" of value "res" ("end of print statement" expected).'
[2024-10-16 16:38:17]	[ALERT]	404 - erreur dans le processus de traitement du routage
    routeInfo: array(
        0 => 1,
        1 => 'home@login',
        2 => array(),
    )
    exception-line: 7
    exception-file: 'C:\xampp\htdocs\EasyCreaMVC\src\View\home\login.html.twig'
    exception-code: 'Unexpected token "name" of value "res" ("end of print statement" expected).'
[2024-10-16 16:38:17]	[ALERT]	404 - erreur dans le processus de traitement du routage
    routeInfo: array(
        0 => 1,
        1 => 'home@login',
        2 => array(),
    )
    exception-line: 7
    exception-file: 'C:\xampp\htdocs\EasyCreaMVC\src\View\home\login.html.twig'
    exception-code: 'Unexpected token "name" of value "res" ("end of print statement" expected).'
[2024-10-16 16:38:20]	[ALERT]	404 - erreur dans le processus de traitement du routage
    routeInfo: array(
        0 => 1,
        1 => 'home@login',
        2 => array(),
    )
    exception-line: 7
    exception-file: 'C:\xampp\htdocs\EasyCreaMVC\src\View\home\login.html.twig'
    exception-code: 'Unexpected token "name" of value "res" ("end of print statement" expected).'
[2024-10-16 16:40:17]	[ALERT]	404 - erreur dans le processus de traitement du routage
    routeInfo: array(
        0 => 1,
        1 => 'home@login',
        2 => array(),
    )
    exception-line: 24
    exception-file: 'C:\xampp\htdocs\EasyCreaMVC\src\View\home\login.html.twig'
    exception-code: 'Unexpected character "!".'
[2024-10-16 16:40:37]	[ALERT]	404 - erreur dans le processus de traitement du routage
    routeInfo: array(
        0 => 1,
        1 => 'home@login',
        2 => array(),
    )
    exception-line: 23
    exception-file: 'C:\xampp\htdocs\EasyCreaMVC\src\View\home\login.html.twig'
    exception-code: 'Unexpected character "!".'
[2024-10-16 16:40:38]	[ALERT]	404 - erreur dans le processus de traitement du routage
    routeInfo: array(
        0 => 1,
        1 => 'home@login',
        2 => array(),
    )
    exception-line: 23
    exception-file: 'C:\xampp\htdocs\EasyCreaMVC\src\View\home\login.html.twig'
    exception-code: 'Unexpected character "!".'
[2024-10-16 16:40:54]	[ALERT]	404 - erreur dans le processus de traitement du routage
    routeInfo: array(
        0 => 1,
        1 => 'home@login',
        2 => array(),
    )
    exception-line: 23
    exception-file: 'C:\xampp\htdocs\EasyCreaMVC\src\View\home\login.html.twig'
    exception-code: 'Unexpected operator of value "=". Did you try to use "===" or "!==" for strict comparison? Use "is same as(value)" instead.'
[2024-10-16 16:41:38]	[ALERT]	404 - erreur dans le processus de traitement du routage
    routeInfo: array(
        0 => 1,
        1 => 'home@login',
        2 => array(),
    )
    exception-line: 23
    exception-file: 'C:\xampp\htdocs\EasyCreaMVC\src\View\home\login.html.twig'
    exception-code: 'Unexpected token "name" of value "as" ("end of statement block" expected).'
[2024-10-16 16:42:04]	[ALERT]	404 - erreur dans le processus de traitement du routage
    routeInfo: array(
        0 => 1,
        1 => 'home@login',
        2 => array(),
    )
    exception-line: 227
    exception-file: 'C:\xampp\htdocs\EasyCreaMVC\vendor\twig\twig\src\Loader\FilesystemLoader.php'
    exception-code: 'Unable to find template "home/login" (looked into: C:\xampp\htdocs\EasyCreaMVC\src\View).'
[2024-10-16 16:42:37]	[ALERT]	404 - erreur dans le processus de traitement du routage
    routeInfo: array(
        0 => 1,
        1 => 'home@login',
        2 => array(),
    )
    exception-line: 227
    exception-file: 'C:\xampp\htdocs\EasyCreaMVC\vendor\twig\twig\src\Loader\FilesystemLoader.php'
    exception-code: 'Unable to find template "home/login" (looked into: C:\xampp\htdocs\EasyCreaMVC\src\View).'
[2024-10-16 16:56:53]	[ALERT]	404 - erreur dans le processus de traitement du routage
    routeInfo: array(
        0 => 1,
        1 => 'home@login',
        2 => array(),
    )
    exception-line: 36
    exception-file: 'C:\xampp\htdocs\EasyCreaMVC\src\Controller\HomeController.php'
    exception-code: 'compact(): Undefined variable $info'
[2024-10-16 17:23:12]	[ALERT]	404 - erreur dans le processus de traitement du routage
    routeInfo: array(
        0 => 1,
        1 => 'home@login',
        2 => array(),
    )
    exception-line: 227
    exception-file: 'C:\xampp\htdocs\EasyCreaMVC\vendor\twig\twig\src\Loader\FilesystemLoader.php'
    exception-code: 'Unable to find template "login/login.html.twig" (looked into: C:\xampp\htdocs\EasyCreaMVC\src\View).'
[2024-10-16 17:24:52]	[ALERT]	404 - erreur dans le processus de traitement du routage
    routeInfo: array(
        0 => 1,
        1 => 'home@login',
        2 => array(),
    )
    exception-line: 227
    exception-file: 'C:\xampp\htdocs\EasyCreaMVC\vendor\twig\twig\src\Loader\FilesystemLoader.php'
    exception-code: 'Unable to find template "login/login.html.twig" (looked into: C:\xampp\htdocs\EasyCreaMVC\src\View).'
[2024-10-16 18:12:02]	[ALERT]	404 - commande non existante :: /home/logout
[2024-10-16 21:28:01]	[ALERT]	404 - commande non existante :: /poke
[2024-10-16 23:08:52]	[ALERT]	404 - commande non existante :: /createur/create
[2024-10-16 23:09:18]	[ALERT]	404 - commande non existante :: /createur/create
[2024-10-16 23:30:08]	[ALERT]	404 - erreur dans le processus de traitement du routage
    routeInfo: array(
        0 => 1,
        1 => 'createur@register',
        2 => array(),
    )
    exception-line: 36
    exception-file: 'C:\xampp\htdocs\EasyCreaMVC\src\Controller\CreateurController.php'
    exception-code: 'Array to string conversion'
[2024-10-16 23:30:45]	[ALERT]	404 - erreur dans le processus de traitement du routage
    routeInfo: array(
        0 => 1,
        1 => 'createur@register',
        2 => array(),
    )
    exception-line: 36
    exception-file: 'C:\xampp\htdocs\EasyCreaMVC\src\Controller\CreateurController.php'
    exception-code: 'Array to string conversion'
[2024-10-16 23:32:23]	[ALERT]	404 - erreur dans le processus de traitement du routage
    routeInfo: array(
        0 => 1,
        1 => 'createur@register',
        2 => array(),
    )
    exception-line: 38
    exception-file: 'C:\xampp\htdocs\EasyCreaMVC\src\Controller\CreateurController.php'
    exception-code: 'Undefined array key "nom"'
[2024-10-16 23:34:05]	[ALERT]	404 - erreur dans le processus de traitement du routage
    routeInfo: array(
        0 => 1,
        1 => 'createur@register',
        2 => array(),
    )
    exception-line: 38
    exception-file: 'C:\xampp\htdocs\EasyCreaMVC\src\Controller\CreateurController.php'
    exception-code: 'Undefined array key "nom"'
[2024-10-16 23:34:06]	[ALERT]	404 - erreur dans le processus de traitement du routage
    routeInfo: array(
        0 => 1,
        1 => 'createur@register',
        2 => array(),
    )
    exception-line: 38
    exception-file: 'C:\xampp\htdocs\EasyCreaMVC\src\Controller\CreateurController.php'
    exception-code: 'Undefined array key "nom"'
